<?xml version="1.0" encoding="UTF-8"?>
<!-- Generated by org.testng.reporters.JUnitXMLReporter -->
<testsuite hostname="TTV_DT_QA013" name="Test" tests="3" failures="0" timestamp="23 Feb 2017 01:45:51 GMT" time="38.286" errors="0">
  <testcase name="TestSubCategoryName" time="21.339" classname="duskin.uttest.UT_CheckValidation_EditSubCategory"/>
  <testcase name="TestSubCategoryName" time="16.636" classname="duskin.uttest.UT_CheckValidation_EditSubCategory"/>
  <testcase name="TestSubListFile" time="0.0" classname="duskin.uttest.UT_CheckValidation_EditSubCategory">
    <skipped/>
  </testcase> <!-- TestSubListFile -->
</testsuite> <!-- Test -->
