<?xml version="1.0" encoding="UTF-8"?>
<!-- Generated by org.testng.reporters.JUnitXMLReporter -->
<testsuite hostname="TTV_DT_QA013" name="Test" tests="3" failures="1" timestamp="14 Feb 2017 08:50:03 GMT" time="8.344" errors="0">
  <testcase name="TestThemeFile" time="0.0" classname="duskin.test.com.UT_CheckValidation_AddTheme">
    <skipped/>
  </testcase> <!-- TestThemeFile -->
  <testcase name="TestThemeName" time="8.132" classname="duskin.test.com.UT_CheckValidation_AddTheme">
    <failure type="java.lang.NullPointerException">
      <![CDATA[java.lang.NullPointerException
	at Define_function_Test.UT_ThemeList.AddThemeList(UT_ThemeList.java:12)
	at duskin.test.com.UT_CheckValidation_AddTheme.TestThemeName(UT_CheckValidation_AddTheme.java:33)
... Removed 24 stack frames]]>
    </failure>
  </testcase> <!-- TestThemeName -->
  <testcase name="TestThemeSystemName" time="0.0" classname="duskin.test.com.UT_CheckValidation_AddTheme">
    <skipped/>
  </testcase> <!-- TestThemeSystemName -->
</testsuite> <!-- Test -->
